mode: set
github.com/adeindra6/BookWebsite/cmd/web/main.go:22.13,24.16 2 0
github.com/adeindra6/BookWebsite/cmd/web/main.go:28.2,36.16 4 0
github.com/adeindra6/BookWebsite/cmd/web/main.go:24.16,26.3 1 0
github.com/adeindra6/BookWebsite/cmd/web/main.go:39.18,53.16 10 1
github.com/adeindra6/BookWebsite/cmd/web/main.go:58.2,66.12 6 1
github.com/adeindra6/BookWebsite/cmd/web/main.go:53.16,56.3 2 0
github.com/adeindra6/BookWebsite/cmd/web/middleware.go:10.53,11.71 1 0
github.com/adeindra6/BookWebsite/cmd/web/middleware.go:11.71,14.3 2 0
github.com/adeindra6/BookWebsite/cmd/web/middleware.go:17.45,28.2 3 1
github.com/adeindra6/BookWebsite/cmd/web/middleware.go:30.50,32.2 1 1
github.com/adeindra6/BookWebsite/cmd/web/routes.go:13.49,39.2 18 1
github.com/adeindra6/BookWebsite/cmd/web/routes.go:41.50,48.2 4 0
