mode: set
github.com/adeindra6/BookWebsite/internal/handlers/handlers.go:31.62,36.2 1 0
github.com/adeindra6/BookWebsite/internal/handlers/handlers.go:39.51,44.2 1 1
github.com/adeindra6/BookWebsite/internal/handlers/handlers.go:46.33,48.2 1 1
github.com/adeindra6/BookWebsite/internal/handlers/handlers.go:50.67,52.2 1 1
github.com/adeindra6/BookWebsite/internal/handlers/handlers.go:55.68,57.2 1 1
github.com/adeindra6/BookWebsite/internal/handlers/handlers.go:60.74,62.9 2 1
github.com/adeindra6/BookWebsite/internal/handlers/handlers.go:68.2,69.16 2 1
github.com/adeindra6/BookWebsite/internal/handlers/handlers.go:75.2,93.4 10 1
github.com/adeindra6/BookWebsite/internal/handlers/handlers.go:62.9,66.3 3 1
github.com/adeindra6/BookWebsite/internal/handlers/handlers.go:69.16,73.3 3 1
github.com/adeindra6/BookWebsite/internal/handlers/handlers.go:97.78,99.16 2 1
github.com/adeindra6/BookWebsite/internal/handlers/handlers.go:105.2,113.16 5 1
github.com/adeindra6/BookWebsite/internal/handlers/handlers.go:119.2,120.16 2 1
github.com/adeindra6/BookWebsite/internal/handlers/handlers.go:126.2,127.16 2 1
github.com/adeindra6/BookWebsite/internal/handlers/handlers.go:133.2,149.19 6 1
github.com/adeindra6/BookWebsite/internal/handlers/handlers.go:159.2,160.16 2 1
github.com/adeindra6/BookWebsite/internal/handlers/handlers.go:166.2,175.16 3 1
github.com/adeindra6/BookWebsite/internal/handlers/handlers.go:182.2,215.66 8 1
github.com/adeindra6/BookWebsite/internal/handlers/handlers.go:99.16,103.3 3 1
github.com/adeindra6/BookWebsite/internal/handlers/handlers.go:113.16,117.3 3 1
github.com/adeindra6/BookWebsite/internal/handlers/handlers.go:120.16,124.3 3 1
github.com/adeindra6/BookWebsite/internal/handlers/handlers.go:127.16,131.3 3 1
github.com/adeindra6/BookWebsite/internal/handlers/handlers.go:149.19,157.3 4 1
github.com/adeindra6/BookWebsite/internal/handlers/handlers.go:160.16,164.3 3 1
github.com/adeindra6/BookWebsite/internal/handlers/handlers.go:175.16,179.3 3 1
github.com/adeindra6/BookWebsite/internal/handlers/handlers.go:219.71,221.2 1 1
github.com/adeindra6/BookWebsite/internal/handlers/handlers.go:224.69,226.2 1 1
github.com/adeindra6/BookWebsite/internal/handlers/handlers.go:229.75,231.2 1 1
github.com/adeindra6/BookWebsite/internal/handlers/handlers.go:234.79,240.16 5 0
github.com/adeindra6/BookWebsite/internal/handlers/handlers.go:243.2,244.16 2 0
github.com/adeindra6/BookWebsite/internal/handlers/handlers.go:248.2,249.16 2 0
github.com/adeindra6/BookWebsite/internal/handlers/handlers.go:254.2,254.21 1 0
github.com/adeindra6/BookWebsite/internal/handlers/handlers.go:261.2,273.4 5 0
github.com/adeindra6/BookWebsite/internal/handlers/handlers.go:240.16,242.3 1 0
github.com/adeindra6/BookWebsite/internal/handlers/handlers.go:244.16,246.3 1 0
github.com/adeindra6/BookWebsite/internal/handlers/handlers.go:249.16,252.3 2 0
github.com/adeindra6/BookWebsite/internal/handlers/handlers.go:254.21,259.3 3 0
github.com/adeindra6/BookWebsite/internal/handlers/handlers.go:285.79,288.16 2 1
github.com/adeindra6/BookWebsite/internal/handlers/handlers.go:301.2,311.16 8 1
github.com/adeindra6/BookWebsite/internal/handlers/handlers.go:323.2,334.14 4 1
github.com/adeindra6/BookWebsite/internal/handlers/handlers.go:288.16,299.3 5 0
github.com/adeindra6/BookWebsite/internal/handlers/handlers.go:311.16,321.3 5 0
github.com/adeindra6/BookWebsite/internal/handlers/handlers.go:338.70,340.2 1 1
github.com/adeindra6/BookWebsite/internal/handlers/handlers.go:343.81,345.9 2 0
github.com/adeindra6/BookWebsite/internal/handlers/handlers.go:352.2,366.4 9 0
github.com/adeindra6/BookWebsite/internal/handlers/handlers.go:345.9,350.3 4 0
github.com/adeindra6/BookWebsite/internal/handlers/handlers.go:370.73,372.16 2 0
github.com/adeindra6/BookWebsite/internal/handlers/handlers.go:377.2,378.9 2 0
github.com/adeindra6/BookWebsite/internal/handlers/handlers.go:383.2,387.63 3 0
github.com/adeindra6/BookWebsite/internal/handlers/handlers.go:372.16,375.3 2 0
github.com/adeindra6/BookWebsite/internal/handlers/handlers.go:378.9,381.3 2 0
github.com/adeindra6/BookWebsite/internal/handlers/handlers.go:391.71,403.16 9 0
github.com/adeindra6/BookWebsite/internal/handlers/handlers.go:408.2,416.63 6 0
github.com/adeindra6/BookWebsite/internal/handlers/handlers.go:403.16,406.3 2 0
github.com/adeindra6/BookWebsite/internal/handlers/handlers.go:420.72,424.2 1 1
github.com/adeindra6/BookWebsite/internal/handlers/handlers.go:427.76,431.16 3 1
github.com/adeindra6/BookWebsite/internal/handlers/handlers.go:434.2,444.19 8 1
github.com/adeindra6/BookWebsite/internal/handlers/handlers.go:451.2,452.16 2 1
github.com/adeindra6/BookWebsite/internal/handlers/handlers.go:460.2,462.47 3 1
github.com/adeindra6/BookWebsite/internal/handlers/handlers.go:431.16,433.3 1 0
github.com/adeindra6/BookWebsite/internal/handlers/handlers.go:444.19,449.3 2 1
github.com/adeindra6/BookWebsite/internal/handlers/handlers.go:452.16,458.3 4 1
github.com/adeindra6/BookWebsite/internal/handlers/handlers.go:466.69,471.2 3 1
github.com/adeindra6/BookWebsite/internal/handlers/handlers.go:473.77,475.2 1 1
github.com/adeindra6/BookWebsite/internal/handlers/handlers.go:478.83,480.16 2 1
github.com/adeindra6/BookWebsite/internal/handlers/handlers.go:485.2,490.4 3 1
github.com/adeindra6/BookWebsite/internal/handlers/handlers.go:480.16,483.3 2 0
github.com/adeindra6/BookWebsite/internal/handlers/handlers.go:494.83,496.16 2 1
github.com/adeindra6/BookWebsite/internal/handlers/handlers.go:501.2,506.4 3 1
github.com/adeindra6/BookWebsite/internal/handlers/handlers.go:496.16,499.3 2 0
github.com/adeindra6/BookWebsite/internal/handlers/handlers.go:510.83,513.16 3 1
github.com/adeindra6/BookWebsite/internal/handlers/handlers.go:518.2,531.16 9 1
github.com/adeindra6/BookWebsite/internal/handlers/handlers.go:536.2,543.4 3 1
github.com/adeindra6/BookWebsite/internal/handlers/handlers.go:513.16,516.3 2 0
github.com/adeindra6/BookWebsite/internal/handlers/handlers.go:531.16,534.3 2 0
github.com/adeindra6/BookWebsite/internal/handlers/handlers.go:546.87,548.16 2 0
github.com/adeindra6/BookWebsite/internal/handlers/handlers.go:553.2,555.16 3 0
github.com/adeindra6/BookWebsite/internal/handlers/handlers.go:560.2,566.16 5 0
github.com/adeindra6/BookWebsite/internal/handlers/handlers.go:571.2,577.16 6 0
github.com/adeindra6/BookWebsite/internal/handlers/handlers.go:582.2,587.16 4 0
github.com/adeindra6/BookWebsite/internal/handlers/handlers.go:548.16,551.3 2 0
github.com/adeindra6/BookWebsite/internal/handlers/handlers.go:555.16,558.3 2 0
github.com/adeindra6/BookWebsite/internal/handlers/handlers.go:566.16,569.3 2 0
github.com/adeindra6/BookWebsite/internal/handlers/handlers.go:577.16,580.3 2 0
github.com/adeindra6/BookWebsite/internal/handlers/handlers.go:587.16,589.3 1 0
github.com/adeindra6/BookWebsite/internal/handlers/handlers.go:589.8,591.3 1 0
github.com/adeindra6/BookWebsite/internal/handlers/handlers.go:595.88,599.34 2 0
github.com/adeindra6/BookWebsite/internal/handlers/handlers.go:605.2,636.16 23 0
github.com/adeindra6/BookWebsite/internal/handlers/handlers.go:641.2,643.26 2 0
github.com/adeindra6/BookWebsite/internal/handlers/handlers.go:677.2,681.4 1 0
github.com/adeindra6/BookWebsite/internal/handlers/handlers.go:599.34,603.3 3 0
github.com/adeindra6/BookWebsite/internal/handlers/handlers.go:636.16,639.3 2 0
github.com/adeindra6/BookWebsite/internal/handlers/handlers.go:643.26,648.80 3 0
github.com/adeindra6/BookWebsite/internal/handlers/handlers.go:654.3,655.17 2 0
github.com/adeindra6/BookWebsite/internal/handlers/handlers.go:660.3,660.34 1 0
github.com/adeindra6/BookWebsite/internal/handlers/handlers.go:671.3,674.78 3 0
github.com/adeindra6/BookWebsite/internal/handlers/handlers.go:648.80,651.4 2 0
github.com/adeindra6/BookWebsite/internal/handlers/handlers.go:655.17,658.4 2 0
github.com/adeindra6/BookWebsite/internal/handlers/handlers.go:660.34,661.27 1 0
github.com/adeindra6/BookWebsite/internal/handlers/handlers.go:661.27,663.79 1 0
github.com/adeindra6/BookWebsite/internal/handlers/handlers.go:663.79,665.6 1 0
github.com/adeindra6/BookWebsite/internal/handlers/handlers.go:666.10,669.5 1 0
github.com/adeindra6/BookWebsite/internal/handlers/handlers.go:685.86,689.16 4 0
github.com/adeindra6/BookWebsite/internal/handlers/handlers.go:693.2,698.16 4 0
github.com/adeindra6/BookWebsite/internal/handlers/handlers.go:689.16,691.3 1 0
github.com/adeindra6/BookWebsite/internal/handlers/handlers.go:698.16,700.3 1 0
github.com/adeindra6/BookWebsite/internal/handlers/handlers.go:700.8,702.3 1 0
github.com/adeindra6/BookWebsite/internal/handlers/handlers.go:706.85,716.16 7 0
github.com/adeindra6/BookWebsite/internal/handlers/handlers.go:716.16,718.3 1 0
github.com/adeindra6/BookWebsite/internal/handlers/handlers.go:718.8,720.3 1 0
github.com/adeindra6/BookWebsite/internal/handlers/handlers.go:724.91,726.16 2 0
github.com/adeindra6/BookWebsite/internal/handlers/handlers.go:731.2,736.16 4 0
github.com/adeindra6/BookWebsite/internal/handlers/handlers.go:741.2,742.26 2 0
github.com/adeindra6/BookWebsite/internal/handlers/handlers.go:770.2,770.34 1 0
github.com/adeindra6/BookWebsite/internal/handlers/handlers.go:783.2,784.110 2 0
github.com/adeindra6/BookWebsite/internal/handlers/handlers.go:726.16,729.3 2 0
github.com/adeindra6/BookWebsite/internal/handlers/handlers.go:736.16,739.3 2 0
github.com/adeindra6/BookWebsite/internal/handlers/handlers.go:742.26,749.34 2 0
github.com/adeindra6/BookWebsite/internal/handlers/handlers.go:749.34,751.35 1 0
github.com/adeindra6/BookWebsite/internal/handlers/handlers.go:751.35,756.16 1 0
github.com/adeindra6/BookWebsite/internal/handlers/handlers.go:756.16,757.66 1 0
github.com/adeindra6/BookWebsite/internal/handlers/handlers.go:757.66,760.21 2 0
github.com/adeindra6/BookWebsite/internal/handlers/handlers.go:760.21,762.8 1 0
github.com/adeindra6/BookWebsite/internal/handlers/handlers.go:770.34,771.43 1 0
github.com/adeindra6/BookWebsite/internal/handlers/handlers.go:771.43,777.18 5 0
github.com/adeindra6/BookWebsite/internal/handlers/handlers.go:777.18,779.5 1 0
