mode: set
github.com/adeindra6/BookWebsite/internal/handlers/handlers.go:28.62,33.2 1 0
github.com/adeindra6/BookWebsite/internal/handlers/handlers.go:36.51,41.2 1 1
github.com/adeindra6/BookWebsite/internal/handlers/handlers.go:43.33,45.2 1 1
github.com/adeindra6/BookWebsite/internal/handlers/handlers.go:47.67,49.2 1 1
github.com/adeindra6/BookWebsite/internal/handlers/handlers.go:52.68,54.2 1 1
github.com/adeindra6/BookWebsite/internal/handlers/handlers.go:57.74,59.9 2 1
github.com/adeindra6/BookWebsite/internal/handlers/handlers.go:65.2,66.16 2 1
github.com/adeindra6/BookWebsite/internal/handlers/handlers.go:72.2,90.4 10 1
github.com/adeindra6/BookWebsite/internal/handlers/handlers.go:59.9,63.3 3 1
github.com/adeindra6/BookWebsite/internal/handlers/handlers.go:66.16,70.3 3 1
github.com/adeindra6/BookWebsite/internal/handlers/handlers.go:94.78,96.16 2 1
github.com/adeindra6/BookWebsite/internal/handlers/handlers.go:102.2,110.16 5 1
github.com/adeindra6/BookWebsite/internal/handlers/handlers.go:116.2,117.16 2 1
github.com/adeindra6/BookWebsite/internal/handlers/handlers.go:123.2,124.16 2 1
github.com/adeindra6/BookWebsite/internal/handlers/handlers.go:130.2,146.19 6 1
github.com/adeindra6/BookWebsite/internal/handlers/handlers.go:157.2,158.16 2 1
github.com/adeindra6/BookWebsite/internal/handlers/handlers.go:164.2,173.16 3 1
github.com/adeindra6/BookWebsite/internal/handlers/handlers.go:179.2,181.66 2 1
github.com/adeindra6/BookWebsite/internal/handlers/handlers.go:96.16,100.3 3 1
github.com/adeindra6/BookWebsite/internal/handlers/handlers.go:110.16,114.3 3 1
github.com/adeindra6/BookWebsite/internal/handlers/handlers.go:117.16,121.3 3 1
github.com/adeindra6/BookWebsite/internal/handlers/handlers.go:124.16,128.3 3 1
github.com/adeindra6/BookWebsite/internal/handlers/handlers.go:146.19,155.3 5 1
github.com/adeindra6/BookWebsite/internal/handlers/handlers.go:158.16,162.3 3 1
github.com/adeindra6/BookWebsite/internal/handlers/handlers.go:173.16,177.3 3 1
github.com/adeindra6/BookWebsite/internal/handlers/handlers.go:185.71,187.2 1 1
github.com/adeindra6/BookWebsite/internal/handlers/handlers.go:190.69,192.2 1 1
github.com/adeindra6/BookWebsite/internal/handlers/handlers.go:195.75,197.2 1 1
github.com/adeindra6/BookWebsite/internal/handlers/handlers.go:200.79,206.16 5 0
github.com/adeindra6/BookWebsite/internal/handlers/handlers.go:209.2,210.16 2 0
github.com/adeindra6/BookWebsite/internal/handlers/handlers.go:214.2,215.16 2 0
github.com/adeindra6/BookWebsite/internal/handlers/handlers.go:220.2,220.21 1 0
github.com/adeindra6/BookWebsite/internal/handlers/handlers.go:227.2,239.4 5 0
github.com/adeindra6/BookWebsite/internal/handlers/handlers.go:206.16,208.3 1 0
github.com/adeindra6/BookWebsite/internal/handlers/handlers.go:210.16,212.3 1 0
github.com/adeindra6/BookWebsite/internal/handlers/handlers.go:215.16,218.3 2 0
github.com/adeindra6/BookWebsite/internal/handlers/handlers.go:220.21,225.3 3 0
github.com/adeindra6/BookWebsite/internal/handlers/handlers.go:251.79,271.16 10 0
github.com/adeindra6/BookWebsite/internal/handlers/handlers.go:276.2,277.14 2 0
github.com/adeindra6/BookWebsite/internal/handlers/handlers.go:271.16,274.3 2 0
github.com/adeindra6/BookWebsite/internal/handlers/handlers.go:281.70,283.2 1 1
github.com/adeindra6/BookWebsite/internal/handlers/handlers.go:286.81,288.9 2 0
github.com/adeindra6/BookWebsite/internal/handlers/handlers.go:295.2,309.4 9 0
github.com/adeindra6/BookWebsite/internal/handlers/handlers.go:288.9,293.3 4 0
github.com/adeindra6/BookWebsite/internal/handlers/handlers.go:313.73,315.16 2 0
github.com/adeindra6/BookWebsite/internal/handlers/handlers.go:320.2,321.9 2 0
github.com/adeindra6/BookWebsite/internal/handlers/handlers.go:326.2,330.63 3 0
github.com/adeindra6/BookWebsite/internal/handlers/handlers.go:315.16,318.3 2 0
github.com/adeindra6/BookWebsite/internal/handlers/handlers.go:321.9,324.3 2 0
github.com/adeindra6/BookWebsite/internal/handlers/handlers.go:334.71,346.16 9 0
github.com/adeindra6/BookWebsite/internal/handlers/handlers.go:351.2,359.63 6 0
github.com/adeindra6/BookWebsite/internal/handlers/handlers.go:346.16,349.3 2 0
